 10001   20.00200   2.75496204E-05
 10002   20.00400   8.69557553E-05
 10003   20.00600   1.84521821E-04
 10004   20.00800   3.13378463E-04
 10005   20.01000   4.45287937E-04
 10006   20.01200   6.00244093E-04
 10007   20.01400   7.59792456E-04
 10008   20.01600   9.54190560E-04
 10009   20.01800   1.12750544E-03
 10010   20.02000  0.132243410    
 10011   20.02200  0.132308498    
 10012   20.02400  0.132397324    
 10013   20.02600  0.132423714    
 10014   20.02800  0.132338360    
 10015   20.03000  0.132401600    
 10016   20.03200  0.132380530    
 10017   20.03400  0.132249191    
 10018   20.03600  0.132211506    
 10019   20.03800  0.131973222    
 10020   20.04000  0.131900638    
 10021   20.04200  0.131791726    
 10022   20.04400  0.131727099    
 10023   20.04600  0.131496698    
 10024   20.04800  0.131417185    
 10025   20.05000  0.131373495    
 10026   20.05200  0.131322965    
 10027   20.05400  0.131194457    
 10028   20.05600  0.131184325    
 10029   20.05800  0.131101295    
 10030   20.06000   1.24118328    
 10031   20.06200   1.23863828    
 10032   20.06400   1.23627210    
 10033   20.06600   1.23499095    
 10034   20.06800   1.23513567    
 10035   20.07000   1.23510253    
 10036   20.07200   1.23651552    
 10037   20.07400   1.23906028    
 10038   20.07600   1.24164820    
 10039   20.07800   1.24407697    
 10040   20.08000  0.131464854    
 10041   20.08200  0.131346717    
 10042   20.08400  0.131178528    
 10043   20.08600  0.130926058    
 10044   20.08800  0.130805477    
 10045   20.09000  0.130508617    
 10046   20.09200  0.130343303    
 10047   20.09400  0.130074516    
 10048   20.09600  0.129971489    
 10049   20.09800  0.129760936    
 10050   20.10000  0.129659340    
 10051   20.10200  0.129597500    
 10052   20.10400  0.129416004    
 10053   20.10600  0.129424140    
 10054   20.10800  0.129253656    
 10055   20.11000   1.27580440    
 10056   20.11200   1.27584338    
 10057   20.11400   1.27699888    
 10058   20.11600   1.27951312    
 10059   20.11800   1.28196275    
 10060   20.12000  0.129148543    
 10061   20.12200  0.129232943    
 10062   20.12400  0.129202351    
 10063   20.12600  0.129302859    
 10064   20.12800  0.129205987    
 10065   20.13000  0.129374936    
 10066   20.13200  0.129346967    
 10067   20.13400  0.129455566    
 10068   20.13600  0.129418775    
 10069   20.13800  0.129492179    
 10070   20.14000  0.129446164    
 10071   20.14200  0.129425019    
 10072   20.14400  0.129526839    
 10073   20.14600  0.129552647    
 10074   20.14800  0.129481569    
 10075   20.15000  0.247407615    
 10076   20.15200  0.246670023    
 10077   20.15400  0.246100321    
 10078   20.15600  0.245388225    
 10079   20.15800  0.244739950    
 10080   20.16000  0.287740469    
 10081   20.16200  0.286605358    
 10082   20.16400  0.285614759    
 10083   20.16600  0.284630388    
 10084   20.16800  0.283556461    
 10085   20.17000  0.324239701    
 10086   20.17200  0.323397428    
 10087   20.17400  0.322640032    
 10088   20.17600  0.321935922    
 10089   20.17800  0.321272254    
 10090   20.18000  0.321009219    
 10091   20.18200  0.320744067    
 10092   20.18400  0.320400298    
 10093   20.18600  0.320410103    
 10094   20.18800  0.320342988    
 10095   20.19000  0.320453793    
 10096   20.19200  0.320669889    
 10097   20.19400  0.321043015    
 10098   20.19600  0.321274608    
 10099   20.19800  0.321587205    
 10100   20.20000  0.321916491    
 10101   20.20200  0.322034419    
 10102   20.20400  0.322149426    
 10103   20.20600  0.322114587    
 10104   20.20800  0.322059602    
 10105   20.21000  0.315846652    
 10106   20.21200  0.315493405    
 10107   20.21400  0.315188110    
 10108   20.21600  0.314651489    
 10109   20.21800  0.314257979    
 10110   20.22000  0.357639223    
 10111   20.22200  0.356961995    
 10112   20.22400  0.356428713    
 10113   20.22600  0.355839461    
 10114   20.22800  0.355421633    
 10115   20.23000  0.355069906    
 10116   20.23200  0.354880452    
 10117   20.23400  0.354505450    
 10118   20.23600  0.354587466    
 10119   20.23800  0.354561597    
 10120   20.24000  0.316190183    
 10121   20.24200  0.316413492    
 10122   20.24400  0.316878736    
 10123   20.24600  0.317096084    
 10124   20.24800  0.317680955    
 10125   20.25000  0.318080038    
 10126   20.25200  0.318528086    
 10127   20.25400  0.318890810    
 10128   20.25600  0.319236577    
 10129   20.25800  0.319553912    
 10130   20.26000  0.358348161    
 10131   20.26200  0.358309984    
 10132   20.26400  0.358330041    
 10133   20.26600  0.358201832    
 10134   20.26800  0.358356595    
 10135   20.27000  0.398111463    
 10136   20.27200  0.398000836    
 10137   20.27400  0.397947073    
 10138   20.27600  0.398157984    
 10139   20.27800  0.398273140    
 10140   20.28000  0.398598433    
 10141   20.28200  0.398726016    
 10142   20.28400  0.399156809    
 10143   20.28600  0.399735689    
 10144   20.28800  0.400364786    
 10145   20.29000  0.401172876    
 10146   20.29200  0.402004212    
 10147   20.29400  0.402898163    
 10148   20.29600  0.403585762    
 10149   20.29800  0.404281378    
 10150   20.30000   1.58423376    
 10151   20.30200   1.58380282    
 10152   20.30400   1.58142138    
 10153   20.30600   1.58051264    
 10154   20.30800   1.57959509    
 10155   20.31000   1.57852471    
 10156   20.31200   1.57631302    
 10157   20.31400   1.57554114    
 10158   20.31600   1.57457483    
 10159   20.31800   1.57518673    
 10160   20.32000   1.57457006    
 10161   20.32200   1.57390201    
 10162   20.32400   1.57468140    
 10163   20.32600   1.57429087    
 10164   20.32800   1.57500780    
 10165   20.33000   1.58013535    
 10166   20.33200   1.58092511    
 10167   20.33400   1.58156645    
 10168   20.33600   1.58105230    
 10169   20.33800   1.58174956    
 10170   20.34000   1.42289770    
 10171   20.34200   1.42218888    
 10172   20.34400   1.42240298    
 10173   20.34600   1.42139256    
 10174   20.34800   1.42041349    
 10175   20.35000   1.45894718    
 10176   20.35200   1.45773458    
 10177   20.35400   1.45629370    
 10178   20.35600   1.45482743    
 10179   20.35800   1.45346129    
 10180   20.36000   1.81838119    
 10181   20.36200   1.81707394    
 10182   20.36400   1.81562662    
 10183   20.36600   1.81436157    
 10184   20.36800   1.81324065    
 10185   20.37000   1.40064013    
 10186   20.37200   1.39932287    
 10187   20.37400   1.39774024    
 10188   20.37600   1.39631951    
 10189   20.37800   1.39615381    
 10190   20.38000   1.51218891    
 10191   20.38200   1.51174319    
 10192   20.38400   1.51124990    
 10193   20.38600   1.50942266    
 10194   20.38800   1.50902367    
 10195   20.39000   1.50900638    
 10196   20.39200   1.51012743    
 10197   20.39400   1.51013231    
 10198   20.39600   1.51033878    
 10199   20.39800   1.51059580    
 10200   20.40000   1.51223040    
 10201   20.40200   1.51291561    
 10202   20.40400   1.51354659    
 10203   20.40600   1.51437294    
 10204   20.40800   1.51547086    
 10205   20.41000   1.92452955    
 10206   20.41200   1.92594540    
 10207   20.41400   1.92786348    
 10208   20.41600   1.92887866    
 10209   20.41800   1.93115294    
 10210   20.42000   1.77002990    
 10211   20.42200   1.76972544    
 10212   20.42400   1.76821840    
 10213   20.42600   1.76790702    
 10214   20.42800   1.76822472    
 10215   20.43000   1.88431168    
 10216   20.43200   1.88493347    
 10217   20.43400   1.88411427    
 10218   20.43600   1.88486826    
 10219   20.43800   1.88656318    
 10220   20.44000   1.88705266    
 10221   20.44200   1.88872826    
 10222   20.44400   1.89024341    
 10223   20.44600   1.89275849    
 10224   20.44800   1.89586151    
 10225   20.45000   1.87624884    
 10226   20.45200   1.87411749    
 10227   20.45400   1.87099159    
 10228   20.45600   1.86988878    
 10229   20.45800   1.86899328    
 10230   20.46000   1.86685419    
 10231   20.46200   1.86697066    
 10232   20.46400   1.86731827    
 10233   20.46600   1.86613858    
 10234   20.46800   1.86690652    
 10235   20.47000   1.83099365    
 10236   20.47200   1.83219492    
 10237   20.47400   1.83384383    
 10238   20.47600   1.83425367    
 10239   20.47800   1.83576870    
 10240   20.48000   1.88574684    
 10241   20.48200   1.88805068    
 10242   20.48400   1.89014971    
 10243   20.48600   1.89243972    
 10244   20.48800   1.89495647    
 10245   20.49000   1.51934922    
 10246   20.49200   1.51935828    
 10247   20.49400   1.51966953    
 10248   20.49600   1.52081215    
 10249   20.49800   1.52100241    
 10250   20.50000   1.52105772    
 10251   20.50200   1.52235878    
 10252   20.50400   1.52277279    
 10253   20.50600   1.52420461    
 10254   20.50800   1.52556241    
 10255   20.51000   1.40521097    
 10256   20.51200   1.40603447    
 10257   20.51400   1.40703022    
 10258   20.51600   1.40684426    
 10259   20.51800   1.40753663    
 10260   20.52000   1.78162754    
 10261   20.52200   1.77957737    
 10262   20.52400   1.77940273    
 10263   20.52600   1.77921617    
 10264   20.52800   1.77832234    
 10265   20.53000   1.81810462    
 10266   20.53200   1.81903470    
 10267   20.53400   1.82025206    
 10268   20.53600   1.82150114    
 10269   20.53800   1.82437801    
 10270   20.54000   1.82676947    
 10271   20.54200   1.82872117    
 10272   20.54400   1.83266628    
 10273   20.54600   1.83498561    
 10274   20.54800   1.83761215    
 10275   20.55000   1.83611238    
 10276   20.55200   1.84021187    
 10277   20.55400   1.84267807    
 10278   20.55600   1.84648550    
 10279   20.55800   1.84905243    
 10280   20.56000   1.47931147    
 10281   20.56200   1.48137987    
 10282   20.56400   1.48252189    
 10283   20.56600   1.48471689    
 10284   20.56800   1.48577845    
 10285   20.57000   1.93065023    
 10286   20.57200   1.93036699    
 10287   20.57400   1.93038404    
 10288   20.57600   1.93033850    
 10289   20.57800   1.93300807    
 10290   20.58000   1.89560664    
 10291   20.58200   1.89785814    
 10292   20.58400   1.90030062    
 10293   20.58600   1.90373409    
 10294   20.58800   1.90787733    
 10295   20.59000  0.754139960    
 10296   20.59200  0.753949702    
 10297   20.59400  0.753933609    
 10298   20.59600  0.754455268    
 10299   20.59800  0.755571663    
 10300   20.60000  0.795021236    
 10301   20.60200  0.796307027    
 10302   20.60400  0.798125505    
 10303   20.60600  0.800196469    
 10304   20.60800  0.802309215    
 10305   20.61000  0.804085970    
 10306   20.61200  0.806391895    
 10307   20.61400  0.807925999    
 10308   20.61600  0.809629261    
 10309   20.61800  0.811128139    
 10310   20.62000  0.274438947    
 10311   20.62200  0.274558276    
 10312   20.62400  0.274846941    
 10313   20.62600  0.275035709    
 10314   20.62800  0.275450140    
 10315   20.63000  0.280040950    
 10316   20.63200  0.280351639    
 10317   20.63400  0.280540615    
 10318   20.63600  0.281059563    
 10319   20.63800  0.281529278    
 10320   20.64000   1.38191509    
 10321   20.64200   1.37985361    
 10322   20.64400   1.37895691    
 10323   20.64600   1.37821782    
 10324   20.64800   1.37721252    
 10325   20.65000   1.37424695    
 10326   20.65200   1.37549722    
 10327   20.65400   1.37679100    
 10328   20.65600   1.38030016    
 10329   20.65800   1.38255501    
 10330   20.66000   1.42439067    
 10331   20.66200   1.42767251    
 10332   20.66400   1.42973316    
 10333   20.66600   1.43323720    
 10334   20.66800   1.43413627    
 10335   20.67000  0.319386929    
 10336   20.67200  0.319197118    
 10337   20.67400  0.318994790    
 10338   20.67600  0.319056958    
 10339   20.67800  0.318744153    
 10340   20.68000  0.398166686    
 10341   20.68200  0.397937983    
 10342   20.68400  0.398068070    
 10343   20.68600  0.397944123    
 10344   20.68800  0.398199350    
 10345   20.69000   1.37938118    
 10346   20.69200   1.37428772    
 10347   20.69400   1.36815822    
 10348   20.69600   1.36326790    
 10349   20.69800   1.35849416    
 10350   20.70000   1.35230148    
 10351   20.70200   1.34765422    
 10352   20.70400   1.34409416    
 10353   20.70600   1.34048843    
 10354   20.70800   1.33940351    
 10355   20.71000   1.67139626    
 10356   20.71200   1.67217076    
 10357   20.71400   1.67565346    
 10358   20.71600   1.68050539    
 10359   20.71800   1.68552887    
 10360   20.72000   1.47687387    
 10361   20.72200   1.48131764    
 10362   20.72400   1.48715127    
 10363   20.72600   1.49200451    
 10364   20.72800   1.49701083    
 10365   20.73000   3.02516484    
 10366   20.73200   3.02196336    
 10367   20.73400   3.02035904    
 10368   20.73600   3.01845860    
 10369   20.73800   3.01684833    
 10370   20.74000   2.97429109    
 10371   20.74200   2.97152543    
 10372   20.74400   2.96786499    
 10373   20.74600   2.96595168    
 10374   20.74800   2.96168637    
 10375   20.75000   2.83933711    
 10376   20.75200   2.83636785    
 10377   20.75400   2.83153796    
 10378   20.75600   2.82685781    
 10379   20.75800   2.82252336    
 10380   20.76000   1.64988601    
 10381   20.76200   1.64283836    
 10382   20.76400   1.63764536    
 10383   20.76600   1.63253033    
 10384   20.76800   1.62769842    
 10385   20.77000   1.99393368    
 10386   20.77200   1.99319017    
 10387   20.77400   1.99179649    
 10388   20.77600   1.99240983    
 10389   20.77800   1.99365866    
 10390   20.78000   2.11761761    
 10391   20.78200   2.12045646    
 10392   20.78400   2.12448835    
 10393   20.78600   2.12939644    
 10394   20.78800   2.13442492    
 10395   20.79000   1.76645410    
 10396   20.79200   1.77140856    
 10397   20.79400   1.77700710    
 10398   20.79600   1.78102601    
 10399   20.79800   1.78554857    
 10400   20.80000   3.30274200    
 10401   20.80200   3.30475497    
 10402   20.80400   3.30523181    
 10403   20.80600   3.30727124    
 10404   20.80800   3.30871010    
 10405   20.81000   3.31007838    
 10406   20.81200   3.31228828    
 10407   20.81400   3.31304717    
 10408   20.81600   3.31436849    
 10409   20.81800   3.31599236    
 10410   20.82000   3.31731629    
 10411   20.82200   3.31858563    
 10412   20.82400   3.31890106    
 10413   20.82600   3.32098007    
 10414   20.82800   3.32013035    
 10415   20.83000   2.04341912    
 10416   20.83200   2.04501963    
 10417   20.83400   2.04589033    
 10418   20.83600   2.04804420    
 10419   20.83800   2.05055881    
 10420   20.84000   3.15163302    
 10421   20.84200   3.15023398    
 10422   20.84400   3.15009189    
 10423   20.84600   3.14997482    
 10424   20.84800   3.14970016    
 10425   20.85000   2.89056325    
 10426   20.85200   2.88844681    
 10427   20.85400   2.88639474    
 10428   20.85600   2.88528752    
 10429   20.85800   2.88474679    
 10430   20.86000   2.88382792    
 10431   20.86200   2.88157010    
 10432   20.86400   2.88101459    
 10433   20.86600   2.87951922    
 10434   20.86800   2.87892413    
 10435   20.87000   2.88291669    
 10436   20.87200   2.88428378    
 10437   20.87400   2.88468242    
 10438   20.87600   2.88508201    
 10439   20.87800   2.88585210    
 10440   20.88000   2.88703799    
 10441   20.88200   2.88700223    
 10442   20.88400   2.88631153    
 10443   20.88600   2.88582730    
 10444   20.88800   2.88259959    
 10445   20.89000   2.09296060    
 10446   20.89200   2.08431458    
 10447   20.89400   2.07603121    
 10448   20.89600   2.06792021    
 10449   20.89800   2.06285310    
 10450   20.90000   2.05737662    
 10451   20.90200   2.05338836    
 10452   20.90400   2.05044723    
 10453   20.90600   2.04703832    
 10454   20.90800   2.04534411    
 10455   20.91000   2.04308128    
 10456   20.91200   2.04189372    
 10457   20.91400   2.04069710    
 10458   20.91600   2.04026794    
 10459   20.91800   2.03972173    
 10460   20.92000   3.17745876    
 10461   20.92200   3.17042947    
 10462   20.92400   3.16375542    
 10463   20.92600   3.15527844    
 10464   20.92800   3.14946461    
 10465   20.93000   3.10069346    
 10466   20.93200   3.09616685    
 10467   20.93400   3.09221864    
 10468   20.93600   3.08983731    
 10469   20.93800   3.09026885    
 10470   20.94000   3.43070126    
 10471   20.94200   3.43183064    
 10472   20.94400   3.43706775    
 10473   20.94600   3.44286036    
 10474   20.94800   3.44877934    
 10475   20.95000   3.41300011    
 10476   20.95200   3.42070460    
 10477   20.95400   3.42912126    
 10478   20.95600   3.43734050    
 10479   20.95800   3.44391465    
 10480   20.96000   3.44957614    
 10481   20.96200   3.45477962    
 10482   20.96400   3.45769572    
 10483   20.96600   3.45941353    
 10484   20.96800   3.45903015    
 10485   20.97000   3.49737906    
 10486   20.97200   3.49382424    
 10487   20.97400   3.48952413    
 10488   20.97600   3.48595047    
 10489   20.97800   3.48084760    
 10490   20.98000   3.47790623    
 10491   20.98200   3.47436333    
 10492   20.98400   3.47090340    
 10493   20.98600   3.46889901    
 10494   20.98800   3.46817565    
 10495   20.99000   3.42916369    
 10496   20.99200   3.42830157    
 10497   20.99400   3.42879415    
 10498   20.99600   3.43033719    
 10499   20.99800   3.43047881    
 10500   21.00000   2.42981815    
